GLPK 4.65 - SENSITIVITY ANALYSIS REPORT                                                                         Page   1

Problem:    tp2
Objective:  z = 8738488.372 (MAXimum)

   No. Row name     St      Activity         Slack   Lower bound       Activity      Obj coef  Obj value at Limiting
                                          Marginal   Upper bound          range         range   break point variable
------ ------------ -- ------------- ------------- -------------  ------------- ------------- ------------- ------------
     1 z            BS   8.73849e+06  -8.73849e+06          -Inf    8.73773e+06      -1.00000        .      E[M,T4]
                                            .               +Inf    8.73849e+06          +Inf          +Inf

     2 relacionEmpresaTiposGrano[T1]
                    NS        .             .             .         -5000.00000          -Inf   9.73849e+06 maximaCantidadPorEmpresa[T]
                                        -200.00000        .              .               +Inf   8.73849e+06 minimaCantidadPorEmpresa[T]

     3 relacionEmpresaTiposGrano[T2]
                    NS        .             .             .         -5000.00000          -Inf   9.73849e+06 maximaCantidadPorEmpresa[T]
                                        -200.00000        .              .               +Inf   8.73849e+06 minimaCantidadPorEmpresa[T]

     4 relacionEmpresaTiposGrano[T3]
                    NS        .             .             .         -1348.83721          -Inf   8.93407e+06 G[T3]
                                        -145.00000        .         23651.16279          +Inf   5.30907e+06 maximaCantidadPorTipo[T3]

     5 relacionEmpresaTiposGrano[T4]
                    NS        .             .             .              .               -Inf   8.73849e+06 G[T4]
                                        -142.00000        .         40000.00000          +Inf   3.05849e+06 maximaCantidadPorTipo[T4]

     6 relacionEmpresaTiposGrano[T5]
                    NS        .             .             .          -769.23077          -Inf     8.845e+06 pesoMinimo[M]
                                        -138.46512        .         20000.00000          +Inf   5.96919e+06 E[M,T5]

     7 relacionEmpresaTiposGrano[T6]
                    NS        .             .             .              .               -Inf   8.73849e+06 G[T6]
                                        -137.00000        .         30000.00000          +Inf   4.62849e+06 maximaCantidadPorTipo[T6]

     8 relacionEmpresaTiposGrano[T7]
                    NS        .             .             .              .               -Inf   8.73849e+06 G[T7]
                                        -137.00000        .         75000.00000          +Inf  -1.53651e+06 maximaCantidadPorTipo[T7]

     9 relacionEmpresaTiposGrano[T8]
                    NS        .             .             .         -5000.00000          -Inf   9.73849e+06 maximaCantidadPorEmpresa[T]
                                        -200.00000        .              .               +Inf   8.73849e+06 minimaCantidadPorEmpresa[T]

    10 relacionEmpresaTiposGrano[T9]
                    NS        .             .             .        -11023.25581          -Inf   1.01384e+07 G[T9]
                                        -127.00000        .          4976.74419          +Inf   8.10644e+06 maximaCantidadPorTipo[T9]

GLPK 4.65 - SENSITIVITY ANALYSIS REPORT                                                                         Page   2

Problem:    tp2
Objective:  z = 8738488.372 (MAXimum)

   No. Row name     St      Activity         Slack   Lower bound       Activity      Obj coef  Obj value at Limiting
                                          Marginal   Upper bound          range         range   break point variable
------ ------------ -- ------------- ------------- -------------  ------------- ------------- ------------- ------------
    11 relacionEmpresaTiposGrano[T10]
                    NS        .             .             .         -1581.39535          -Inf   8.94091e+06 G[T10]
                                        -128.00000        .         18418.60465          +Inf   6.38091e+06 maximaCantidadPorTipo[T10]

    12 relacionEmpresaTiposGrano[T11]
                    NS        .             .             .              .               -Inf   8.73849e+06 G[T11]
                                        -117.00000        .         10000.00000          +Inf   7.56849e+06 maximaCantidadPorTipo[T11]

    13 relacionEmpresaTiposGrano[T12]
                    NS        .             .             .         -2046.51163          -Inf   9.02705e+06 G[T12]
                                        -141.00000        .         47953.48837          +Inf   1.97705e+06 maximaCantidadPorTipo[T12]

    14 minimaCantidadPorEmpresa[T]
                    BS   40000.00000        .        40000.00000    37500.00000     -10.00000   8.33849e+06 minimaCantidadPorEmpresa[B]
                                            .               +Inf    40000.00000          +Inf          +Inf

    15 minimaCantidadPorEmpresa[M]
                    BS   36000.00000   -4000.00000   32000.00000    34666.66667    -115.11628    4.5943e+06 maximaCantidadPorEmpresa[M]
                                            .               +Inf    36000.00000          +Inf          +Inf

    16 minimaCantidadPorEmpresa[B]
                    NL   50000.00000        .        50000.00000    45000.00000          -Inf   8.78849e+06 maximaCantidadPorEmpresa[T]
                                         -10.00000          +Inf    50000.00000      10.00000   8.73849e+06 minimaCantidadPorEmpresa[T]

    17 sumaPesoPorEmpresa[T]
                    NS        .             .             .        -40000.00000          -Inf   8.73849e+06 SUMAPESO[T]
                                            .             .          5000.00000          +Inf   8.73849e+06 maximaCantidadPorEmpresa[T]

    18 sumaPesoPorEmpresa[M]
                    NS        .             .             .        -18608.69565          -Inf   1.08807e+07 maximaCantidadPorTipo[T9]
                                        -115.11628        .          1333.33333          +Inf     8.585e+06 pesoMinimo[M]

    19 sumaPesoPorEmpresa[B]
                    NS        .             .             .        -50000.00000          -Inf   8.73849e+06 SUMAPESO[B]
                                            .             .          4000.00000          +Inf   8.73849e+06 maximaCantidadPorEmpresa[B]

    20 maximaCantidadPorEmpresa[T]
                    BS   40000.00000    5000.00000          -Inf    40000.00000     -10.00000   8.33849e+06 minimaCantidadPorEmpresa[B]
                                            .        45000.00000    40000.00000          +Inf          +Inf

GLPK 4.65 - SENSITIVITY ANALYSIS REPORT                                                                         Page   3

Problem:    tp2
Objective:  z = 8738488.372 (MAXimum)

   No. Row name     St      Activity         Slack   Lower bound       Activity      Obj coef  Obj value at Limiting
                                          Marginal   Upper bound          range         range   break point variable
------ ------------ -- ------------- ------------- -------------  ------------- ------------- ------------- ------------
    21 maximaCantidadPorEmpresa[M]
                    NU   36000.00000        .               -Inf    34666.66667    -115.11628     8.585e+06 pesoMinimo[M]
                                         115.11628   36000.00000    54608.69565          +Inf   1.08807e+07 maximaCantidadPorTipo[T9]

    22 maximaCantidadPorEmpresa[B]
                    BS   50000.00000    4000.00000          -Inf    50000.00000          -Inf          -Inf
                                            .        54000.00000    50000.00000      10.00000   9.23849e+06 minimaCantidadPorEmpresa[B]

    23 maximaCantidadPorTipo[T1]
                    NU   30000.00000        .               -Inf    30000.00000     -55.00000   8.73849e+06 minimaCantidadPorEmpresa[T]
                                          55.00000   30000.00000    35000.00000          +Inf   9.01349e+06 maximaCantidadPorEmpresa[T]

    24 maximaCantidadPorTipo[T2]
                    NU   45000.00000        .               -Inf    45000.00000     -56.00000   8.73849e+06 minimaCantidadPorEmpresa[T]
                                          56.00000   45000.00000    50000.00000          +Inf   9.01849e+06 maximaCantidadPorEmpresa[T]

    25 maximaCantidadPorTipo[T3]
                    BS    1348.83721   23651.16279          -Inf      805.19481      -1.40000    8.7366e+06 E[M,T4]
                                            .        25000.00000     4526.31579       1.66102   8.74073e+06 E[M,T11]

    26 maximaCantidadPorTipo[T4]
                    BS        .        40000.00000          -Inf         .               -Inf   8.73849e+06
                                            .        40000.00000     1168.83117        .65116   8.73849e+06 E[M,T4]

    27 maximaCantidadPorTipo[T5]
                    NU   20000.00000        .               -Inf         .            -.46512   8.72919e+06 E[M,T5]
                                            .46512   20000.00000    20769.23077          +Inf   8.73885e+06 pesoMinimo[M]

    28 maximaCantidadPorTipo[T6]
                    BS        .        30000.00000          -Inf         .               -Inf   8.73849e+06
                                            .        30000.00000     2500.00000       1.39535   8.73849e+06 E[M,T6]

    29 maximaCantidadPorTipo[T7]
                    BS        .        75000.00000          -Inf         .               -Inf   8.73849e+06
                                            .        75000.00000     1189.18919       5.06977   8.73849e+06 E[M,T7]

    30 maximaCantidadPorTipo[T8]
                    NU   15000.00000        .               -Inf    15000.00000     -61.00000   8.73849e+06 minimaCantidadPorEmpresa[T]
                                          61.00000   15000.00000    20000.00000          +Inf   9.04349e+06 maximaCantidadPorEmpresa[T]

GLPK 4.65 - SENSITIVITY ANALYSIS REPORT                                                                         Page   4

Problem:    tp2
Objective:  z = 8738488.372 (MAXimum)

   No. Row name     St      Activity         Slack   Lower bound       Activity      Obj coef  Obj value at Limiting
                                          Marginal   Upper bound          range         range   break point variable
------ ------------ -- ------------- ------------- -------------  ------------- ------------- ------------- ------------
    31 maximaCantidadPorTipo[T9]
                    BS   11023.25581    4976.74419          -Inf     9000.00000       -.93333    8.7282e+06 maximoImpurezas[M]
                                            .        16000.00000    11376.62338       2.15385   8.76223e+06 E[M,T4]

    32 maximaCantidadPorTipo[T10]
                    BS    1581.39535   18418.60465          -Inf     1064.93506      -1.47368   8.73616e+06 E[M,T4]
                                            .        20000.00000     3200.00000       1.16667   8.74033e+06 maximoImpurezas[M]

    33 maximaCantidadPorTipo[T11]
                    BS        .        10000.00000          -Inf         .               -Inf   8.73849e+06
                                            .        10000.00000     2315.78947       2.27907   8.73849e+06 E[M,T11]

    34 maximaCantidadPorTipo[T12]
                    BS    2046.51163   47953.48837          -Inf     1584.41558      -1.64706   8.73512e+06 E[M,T4]
                                            .        50000.00000    19255.81395        .54054   8.73959e+06 maximaCantidadPorTipo[T5]

    35 humedad[T]   BS  -18333.33333   18333.33333          -Inf   -18333.33333      -1.50000   8.76599e+06 E[T,T3]
                                            .             .         66666.66667        .        8.73849e+06 E[B,T1]

    36 humedad[M]   NU        .             .               -Inf    -8800.00000      -1.44186    8.7258e+06 E[M,T12]
                                           1.44186        .          3913.04348          +Inf   8.74413e+06 pesoMinimo[M]

    37 humedad[B]   BS   -6666.66667    6666.66667          -Inf   -25000.00000        .        8.73849e+06 E[B,T1]
                                            .             .         -6666.66667      48.85714   8.41277e+06 E[B,T7]

    38 pesoMinimo[T]
                    BS  483333.33333 -483333.33333        .        400000.00000        .        8.73849e+06 maximoImpurezas[T]
                                            .               +Inf   494117.64706        .        8.73849e+06 E[B,T1]

    39 pesoMinimo[M]
                    BS   20930.23256  -20930.23256        .        -31000.00000       -.03636   8.73773e+06 E[M,T4]
                                            .               +Inf   565116.27907        .01709   8.73885e+06 maximaCantidadPorTipo[T5]

    40 pesoMinimo[B]
                    BS  566666.66667 -566666.66667        .        555882.35294        .        8.73849e+06 E[B,T1]
                                            .               +Inf   650000.00000        .        8.73849e+06 maximoImpurezas[T]

GLPK 4.65 - SENSITIVITY ANALYSIS REPORT                                                                         Page   5

Problem:    tp2
Objective:  z = 8738488.372 (MAXimum)

   No. Row name     St      Activity         Slack   Lower bound       Activity      Obj coef  Obj value at Limiting
                                          Marginal   Upper bound          range         range   break point variable
------ ------------ -- ------------- ------------- -------------  ------------- ------------- ------------- ------------
    41 maximoDanio[T]
                    NU        .             .               -Inf         .          -59.00000   8.73849e+06 minimaCantidadPorEmpresa[T]
                                          59.00000        .          5000.00000          +Inf   9.03349e+06 maximaCantidadPorEmpresa[T]

    42 maximoDanio[M]
                    NU        .             .               -Inf    -6181.81818      -2.53488   8.72282e+06 E[M,T10]
                                           2.53488        .          7500.00000          +Inf    8.7575e+06 pesoMinimo[M]

    43 maximoDanio[B]
                    NU        .             .               -Inf         .          -59.00000   8.73849e+06 minimaCantidadPorEmpresa[T]
                                          59.00000        .          5000.00000          +Inf   9.03349e+06 maximaCantidadPorEmpresa[T]

    44 maximoImpurezas[T]
                    NU        .             .               -Inf   -25000.00000        .        8.73849e+06 E[T,T8]
                                            .             .          5000.00000          +Inf   8.73849e+06 E[T,T2]

    45 maximoImpurezas[M]
                    NU        .             .               -Inf    -5800.00000       -.32558    8.7366e+06 E[M,T3]
                                            .32558        .          3461.53846          +Inf   8.73962e+06 pesoMinimo[M]

    46 maximoImpurezas[B]
                    BS -130000.00000  130000.00000          -Inf  -130000.00000      -5.00000   9.38849e+06 minimaCantidadPorEmpresa[B]
                                            .             .       -105000.00000        .        8.73849e+06 maximoImpurezas[T]

GLPK 4.65 - SENSITIVITY ANALYSIS REPORT                                                                         Page   6

Problem:    tp2
Objective:  z = 8738488.372 (MAXimum)

   No. Column name  St      Activity      Obj coef   Lower bound       Activity      Obj coef  Obj value at Limiting
                                          Marginal   Upper bound          range         range   break point variable
------ ------------ -- ------------- ------------- -------------  ------------- ------------- ------------- ------------
     1 E[T,T1]      BS   30000.00000     200.00000        .         23529.41176     200.00000   8.73849e+06 E[B,T1]
                                            .               +Inf    30000.00000          +Inf          +Inf

     2 E[M,T1]      NL        .          250.00000        .         -5000.00000          -Inf   8.99837e+06 maximaCantidadPorEmpresa[T]
                                         -51.97674          +Inf         .          301.97674   8.73849e+06 minimaCantidadPorEmpresa[T]

     3 E[B,T1]      NL        .          190.00000        .         -2000.00000          -Inf   8.73849e+06 E[T,T2]
                                            .               +Inf     6470.58824     190.00000   8.73849e+06 humedad[T]

     4 E[T,T2]      BS    1666.66667     200.00000        .          1666.66667     185.00000   8.71349e+06 minimaCantidadPorEmpresa[B]
                                            .               +Inf     7058.82353     200.00000   8.73849e+06 E[B,T1]

     5 E[M,T2]      NL        .          250.00000        .         -5000.00000          -Inf   9.01919e+06 maximaCantidadPorEmpresa[T]
                                         -56.13953          +Inf         .          306.13953   8.73849e+06 minimaCantidadPorEmpresa[T]

     6 E[B,T2]      BS   43333.33333     190.00000        .         37941.17647     190.00000   8.73849e+06 E[B,T1]
                                            .               +Inf    43333.33333     205.00000   9.38849e+06 minimaCantidadPorEmpresa[B]

     7 E[T,T3]      NL        .          200.00000        .         -1348.83721          -Inf   8.74388e+06 G[T3]
                                          -4.00000          +Inf         .          204.00000   8.73849e+06 E[T,T12]

     8 E[M,T3]      BS    1348.83721     250.00000        .           805.19481     248.60000    8.7366e+06 E[M,T4]
                                            .               +Inf     4526.31579     251.66102   8.74073e+06 E[M,T11]

     9 E[B,T3]      NL        .          190.00000        .         -1348.83721          -Inf   8.74388e+06 G[T3]
                                          -4.00000          +Inf         .          194.00000   8.73849e+06 E[B,T12]

    10 E[T,T4]      NL        .          200.00000        .              .               -Inf   8.73849e+06 G[T4]
                                         -60.00000          +Inf         .          260.00000   8.73849e+06 E[T,T12]

GLPK 4.65 - SENSITIVITY ANALYSIS REPORT                                                                         Page   7

Problem:    tp2
Objective:  z = 8738488.372 (MAXimum)

   No. Column name  St      Activity      Obj coef   Lower bound       Activity      Obj coef  Obj value at Limiting
                                          Marginal   Upper bound          range         range   break point variable
------ ------------ -- ------------- ------------- -------------  ------------- ------------- ------------- ------------
    11 E[M,T4]      NL        .          250.00000        .              .               -Inf   8.73849e+06 G[T4]
                                           -.65116          +Inf     1168.83117     250.65116   8.73773e+06 pesoMinimo[M]

    12 E[B,T4]      NL        .          190.00000        .              .               -Inf   8.73849e+06 G[T4]
                                         -60.00000          +Inf         .          250.00000   8.73849e+06 E[B,T12]

    13 E[T,T5]      NL        .          200.00000        .          -769.23077          -Inf   8.78192e+06 pesoMinimo[M]
                                         -56.46512          +Inf         .          256.46512   8.73849e+06 E[T,T12]

    14 E[M,T5]      BS   20000.00000     250.00000        .              .          249.53488   8.72919e+06 maximaCantidadPorTipo[T5]
                                            .               +Inf    20000.00000          +Inf          +Inf

    15 E[B,T5]      NL        .          190.00000        .          -769.23077          -Inf   8.78192e+06 pesoMinimo[M]
                                         -56.46512          +Inf         .          246.46512   8.73849e+06 E[B,T12]

    16 E[T,T6]      NL        .          200.00000        .              .               -Inf   8.73849e+06 G[T6]
                                        -114.00000          +Inf         .          314.00000   8.73849e+06 E[T,T12]

    17 E[M,T6]      NL        .          250.00000        .              .               -Inf   8.73849e+06 G[T6]
                                          -1.39535          +Inf     2500.00000     251.39535     8.735e+06 pesoMinimo[M]

    18 E[B,T6]      NL        .          190.00000        .              .               -Inf   8.73849e+06 G[T6]
                                        -114.00000          +Inf         .          304.00000   8.73849e+06 E[B,T12]

    19 E[T,T7]      NL        .          200.00000        .              .               -Inf   8.73849e+06 G[T7]
                                        -114.00000          +Inf         .          314.00000   8.73849e+06 E[T,T12]

    20 E[M,T7]      NL        .          250.00000        .              .               -Inf   8.73849e+06 G[T7]
                                          -5.06977          +Inf     1189.18919     255.06977   8.73246e+06 E[M,T12]

GLPK 4.65 - SENSITIVITY ANALYSIS REPORT                                                                         Page   8

Problem:    tp2
Objective:  z = 8738488.372 (MAXimum)

   No. Column name  St      Activity      Obj coef   Lower bound       Activity      Obj coef  Obj value at Limiting
                                          Marginal   Upper bound          range         range   break point variable
------ ------------ -- ------------- ------------- -------------  ------------- ------------- ------------- ------------
    21 E[B,T7]      NL        .          190.00000        .              .               -Inf   8.73849e+06 G[T7]
                                        -114.00000          +Inf         .          304.00000   8.73849e+06 E[B,T12]

    22 E[T,T8]      BS    8333.33333     200.00000        .        -10000.00000     200.00000   8.73849e+06 maximoImpurezas[T]
                                            .               +Inf     9411.76471     200.00000   8.73849e+06 E[B,T1]

    23 E[M,T8]      NL        .          250.00000        .         -1500.00000          -Inf     8.822e+06 pesoMinimo[M]
                                         -55.67442          +Inf         .          305.67442   8.73849e+06 minimaCantidadPorEmpresa[T]

    24 E[B,T8]      BS    6666.66667     190.00000        .          5588.23529     190.00000   8.73849e+06 E[B,T1]
                                            .               +Inf    15000.00000     190.00000   8.73849e+06 maximoImpurezas[T]

    25 E[T,T9]      NL        .          200.00000        .         -1250.00000          -Inf   9.01599e+06 maximaCantidadPorEmpresa[T]
                                        -222.00000          +Inf         .          422.00000   8.73849e+06 E[T,T12]

    26 E[M,T9]      BS   11023.25581     250.00000        .          9000.00000     249.06667    8.7282e+06 maximoImpurezas[M]
                                            .               +Inf    11376.62338     252.15385   8.76223e+06 E[M,T4]

    27 E[B,T9]      NL        .          190.00000        .         -1250.00000          -Inf   9.01599e+06 maximaCantidadPorEmpresa[T]
                                        -222.00000          +Inf         .          412.00000   8.73849e+06 E[B,T12]

    28 E[T,T10]     NL        .          200.00000        .         -1000.00000          -Inf   9.02049e+06 maximaCantidadPorEmpresa[T]
                                        -282.00000          +Inf         .          482.00000   8.73849e+06 E[T,T12]

    29 E[M,T10]     BS    1581.39535     250.00000        .          1064.93506     248.52632   8.73616e+06 E[M,T4]
                                            .               +Inf     3200.00000     251.16667   8.74033e+06 maximoImpurezas[M]

    30 E[B,T10]     NL        .          190.00000        .         -1000.00000          -Inf   9.02049e+06 maximaCantidadPorEmpresa[T]
                                        -282.00000          +Inf         .          472.00000   8.73849e+06 E[B,T12]

GLPK 4.65 - SENSITIVITY ANALYSIS REPORT                                                                         Page   9

Problem:    tp2
Objective:  z = 8738488.372 (MAXimum)

   No. Column name  St      Activity      Obj coef   Lower bound       Activity      Obj coef  Obj value at Limiting
                                          Marginal   Upper bound          range         range   break point variable
------ ------------ -- ------------- ------------- -------------  ------------- ------------- ------------- ------------
    31 E[T,T11]     NL        .          200.00000        .              .               -Inf   8.73849e+06 G[T11]
                                        -330.00000          +Inf         .          530.00000   8.73849e+06 E[T,T12]

    32 E[M,T11]     NL        .          250.00000        .              .               -Inf   8.73849e+06 G[T11]
                                          -2.27907          +Inf     2315.78947     252.27907   8.73321e+06 E[M,T12]

    33 E[B,T11]     NL        .          190.00000        .              .               -Inf   8.73849e+06 G[T11]
                                        -330.00000          +Inf         .          520.00000   8.73849e+06 E[B,T12]

    34 E[T,T12]     BS        .          200.00000        .         -2046.51163     196.00000   8.73849e+06 E[T,T3]
                                            .               +Inf         .               +Inf   8.73849e+06

    35 E[M,T12]     BS    2046.51163     250.00000        .          1584.41558     248.35294   8.73512e+06 E[M,T4]
                                            .               +Inf    19255.81395     250.54054   8.73959e+06 maximaCantidadPorTipo[T5]

    36 E[B,T12]     BS        .          190.00000        .         -2046.51163     186.00000   8.73849e+06 E[B,T3]
                                            .               +Inf         .               +Inf   8.73849e+06

    37 G[T1]        BS   30000.00000    -145.00000        .         30000.00000    -200.00000   7.08849e+06 maximaCantidadPorTipo[T1]
                                            .               +Inf    30000.00000          +Inf          +Inf

    38 G[T2]        BS   45000.00000    -144.00000        .         45000.00000    -200.00000   6.21849e+06 maximaCantidadPorTipo[T2]
                                            .               +Inf    45000.00000          +Inf          +Inf

    39 G[T3]        BS    1348.83721    -145.00000        .           805.19481    -146.40000    8.7366e+06 E[M,T4]
                                            .               +Inf     4526.31579    -143.33898   8.74073e+06 E[M,T11]

    40 G[T4]        BS        .         -142.00000        .              .               -Inf   8.73849e+06
                                            .               +Inf     1168.83117    -141.34884   8.73849e+06 E[M,T4]

GLPK 4.65 - SENSITIVITY ANALYSIS REPORT                                                                         Page  10

Problem:    tp2
Objective:  z = 8738488.372 (MAXimum)

   No. Column name  St      Activity      Obj coef   Lower bound       Activity      Obj coef  Obj value at Limiting
                                          Marginal   Upper bound          range         range   break point variable
------ ------------ -- ------------- ------------- -------------  ------------- ------------- ------------- ------------
    41 G[T5]        BS   20000.00000    -138.00000        .              .         -138.46512   8.72919e+06 maximaCantidadPorTipo[T5]
                                            .               +Inf    20000.00000          +Inf          +Inf

    42 G[T6]        BS        .         -137.00000        .              .               -Inf   8.73849e+06
                                            .               +Inf     2500.00000    -135.60465   8.73849e+06 E[M,T6]

    43 G[T7]        BS        .         -137.00000        .              .               -Inf   8.73849e+06
                                            .               +Inf     1189.18919    -131.93023   8.73849e+06 E[M,T7]

    44 G[T8]        BS   15000.00000    -139.00000        .         15000.00000    -200.00000   7.82349e+06 maximaCantidadPorTipo[T8]
                                            .               +Inf    15000.00000          +Inf          +Inf

    45 G[T9]        BS   11023.25581    -127.00000        .          9000.00000    -127.93333    8.7282e+06 maximoImpurezas[M]
                                            .               +Inf    11376.62338    -124.84615   8.76223e+06 E[M,T4]

    46 G[T10]       BS    1581.39535    -128.00000        .          1064.93506    -129.47368   8.73616e+06 E[M,T4]
                                            .               +Inf     3200.00000    -126.83333   8.74033e+06 maximoImpurezas[M]

    47 G[T11]       BS        .         -117.00000        .              .               -Inf   8.73849e+06
                                            .               +Inf     2315.78947    -114.72093   8.73849e+06 E[M,T11]

    48 G[T12]       BS    2046.51163    -141.00000        .          1584.41558    -142.64706   8.73512e+06 E[M,T4]
                                            .               +Inf    19255.81395    -140.45946   8.73959e+06 maximaCantidadPorTipo[T5]

    49 SUMAPESO[T]  BS   40000.00000        .             .         40000.00000     -10.00000   8.33849e+06 minimaCantidadPorEmpresa[B]
                                            .               +Inf    40000.00000          +Inf          +Inf

    50 SUMAPESO[M]  BS   36000.00000        .             .         34666.66667    -115.11628    4.5943e+06 maximaCantidadPorEmpresa[M]
                                            .               +Inf    36000.00000          +Inf          +Inf

GLPK 4.65 - SENSITIVITY ANALYSIS REPORT                                                                         Page  11

Problem:    tp2
Objective:  z = 8738488.372 (MAXimum)

   No. Column name  St      Activity      Obj coef   Lower bound       Activity      Obj coef  Obj value at Limiting
                                          Marginal   Upper bound          range         range   break point variable
------ ------------ -- ------------- ------------- -------------  ------------- ------------- ------------- ------------
    51 SUMAPESO[B]  BS   50000.00000        .             .         50000.00000          -Inf          -Inf
                                            .               +Inf    50000.00000      10.00000   9.23849e+06 minimaCantidadPorEmpresa[B]

End of report
